Removed Pin From Net: NetName=D3 Pin=U1-11
Removed Pin From Net: NetName=D2 Pin=U1-12
Removed Pin From Net: NetName=D1 Pin=U1-13
Removed Pin From Net: NetName=C7 Pin=U1-14
Removed Pin From Net: NetName=C6 Pin=U1-15
Removed Pin From Net: NetName=C5 Pin=U1-16
Removed Pin From Net: NetName=C4 Pin=U1-17
Removed Pin From Net: NetName=C3 Pin=U1-18
Removed Pin From Net: NetName=B4 Pin=U1-19
Removed Pin From Net: NetName=B5 Pin=U1-20
Added Pin To Net: NetName=B5 Pin=U1-11
Added Pin To Net: NetName=B4 Pin=U1-12
Added Pin To Net: NetName=C3 Pin=U1-13
Added Pin To Net: NetName=C4 Pin=U1-14
Added Pin To Net: NetName=C5 Pin=U1-15
Added Pin To Net: NetName=C6 Pin=U1-16
Added Pin To Net: NetName=C7 Pin=U1-17
Added Pin To Net: NetName=D1 Pin=U1-18
Added Pin To Net: NetName=D2 Pin=U1-19
Added Pin To Net: NetName=D3 Pin=U1-20
