Added Component: Designator=C1(C0603)
Added Component: Designator=C2(C0603)
Added Component: Designator=C3(C0603)
Added Component: Designator=C4(C0603)
Added Component: Designator=IC1(SOT223_N)
Added Component: Designator=Key1(TSW SMD-3*6*2.5)
Added Component: Designator=LED1(LED 0805)
Added Component: Designator=LED2(LED 0805)
Added Component: Designator=O1(¹ý¿×)
Added Component: Designator=O2(¹ý¿×)
Added Component: Designator=P1(HDR2.54-LI-10P)
Added Component: Designator=P2(HDR2.54-LI-10P)
Added Component: Designator=P3(HDR2.54-WI-4P)
Added Component: Designator=U1(TSSOP20_L)
Added Component: Designator=USB1(USB-MICRO_E)
Added Pin To Net: NetName=3V3 Pin=C3-1
Added Pin To Net: NetName=3V3 Pin=IC1-2
Added Pin To Net: NetName=3V3 Pin=IC1-2
Added Pin To Net: NetName=3V3 Pin=P2-9
Added Pin To Net: NetName=3V3 Pin=P3-1
Added Pin To Net: NetName=3V3 Pin=U1-9
Added Net: Name=3V3
Added Pin To Net: NetName=5V Pin=C2-1
Added Pin To Net: NetName=5V Pin=IC1-3
Added Pin To Net: NetName=5V Pin=O1-0
Added Pin To Net: NetName=5V Pin=USB1-1
Added Net: Name=5V
Added Pin To Net: NetName=A1 Pin=P2-5
Added Pin To Net: NetName=A1 Pin=U1-5
Added Net: Name=A1
Added Pin To Net: NetName=A2 Pin=P2-6
Added Pin To Net: NetName=A2 Pin=U1-6
Added Net: Name=A2
Added Pin To Net: NetName=A3 Pin=P2-10
Added Pin To Net: NetName=A3 Pin=U1-10
Added Net: Name=A3
Added Pin To Net: NetName=B4 Pin=P1-9
Added Pin To Net: NetName=B4 Pin=U1-19
Added Net: Name=B4
Added Pin To Net: NetName=B5 Pin=LED2-2
Added Pin To Net: NetName=B5 Pin=P1-10
Added Pin To Net: NetName=B5 Pin=U1-20
Added Net: Name=B5
Added Pin To Net: NetName=C3 Pin=P1-8
Added Pin To Net: NetName=C3 Pin=U1-18
Added Net: Name=C3
Added Pin To Net: NetName=C4 Pin=P1-7
Added Pin To Net: NetName=C4 Pin=U1-17
Added Net: Name=C4
Added Pin To Net: NetName=C5 Pin=P1-6
Added Pin To Net: NetName=C5 Pin=U1-16
Added Net: Name=C5
Added Pin To Net: NetName=C6 Pin=P1-5
Added Pin To Net: NetName=C6 Pin=U1-15
Added Net: Name=C6
Added Pin To Net: NetName=C7 Pin=P1-4
Added Pin To Net: NetName=C7 Pin=U1-14
Added Net: Name=C7
Added Pin To Net: NetName=D1 Pin=P1-3
Added Pin To Net: NetName=D1 Pin=P3-2
Added Pin To Net: NetName=D1 Pin=U1-13
Added Net: Name=D1
Added Pin To Net: NetName=D2 Pin=P1-2
Added Pin To Net: NetName=D2 Pin=U1-12
Added Net: Name=D2
Added Pin To Net: NetName=D3 Pin=P1-1
Added Pin To Net: NetName=D3 Pin=U1-11
Added Net: Name=D3
Added Pin To Net: NetName=D4 Pin=P2-1
Added Pin To Net: NetName=D4 Pin=U1-1
Added Net: Name=D4
Added Pin To Net: NetName=D5 Pin=P2-2
Added Pin To Net: NetName=D5 Pin=U1-2
Added Net: Name=D5
Added Pin To Net: NetName=D6 Pin=P2-3
Added Pin To Net: NetName=D6 Pin=U1-3
Added Net: Name=D6
Added Pin To Net: NetName=GND Pin=C1-2
Added Pin To Net: NetName=GND Pin=C2-2
Added Pin To Net: NetName=GND Pin=C3-2
Added Pin To Net: NetName=GND Pin=C4-2
Added Pin To Net: NetName=GND Pin=IC1-1
Added Pin To Net: NetName=GND Pin=Key1-1
Added Pin To Net: NetName=GND Pin=LED1-2
Added Pin To Net: NetName=GND Pin=O2-0
Added Pin To Net: NetName=GND Pin=P2-7
Added Pin To Net: NetName=GND Pin=P3-3
Added Pin To Net: NetName=GND Pin=U1-7
Added Pin To Net: NetName=GND Pin=USB1-5
Added Net: Name=GND
Added Pin To Net: NetName=NetLED1_1 Pin=LED1-1
Added Net: Name=NetLED1_1
Added Pin To Net: NetName=NetLED2_1 Pin=LED2-1
Added Net: Name=NetLED2_1
Added Pin To Net: NetName=NRST Pin=C1-1
Added Pin To Net: NetName=NRST Pin=Key1-2
Added Pin To Net: NetName=NRST Pin=P2-4
Added Pin To Net: NetName=NRST Pin=P3-4
Added Pin To Net: NetName=NRST Pin=U1-4
Added Net: Name=NRST
Added Pin To Net: NetName=VCAP Pin=C4-1
Added Pin To Net: NetName=VCAP Pin=P2-8
Added Pin To Net: NetName=VCAP Pin=U1-8
Added Net: Name=VCAP
Added Class: Name=Mini_sys_board
Added Room: Name=Mini_sys_board
